<?xml version="1.0" encoding="UTF-8"?>
<!-- Generated by org.testng.reporters.JUnitReportReporter -->
<testsuite hostname="SCandCo" failures="0" tests="5" name="rinku.Assertion" time="0.018" errors="0" timestamp="2026-03-13T11:58:26 IST" skipped="0">
  <testcase classname="rinku.Assertion" name="display" time="0.001"/>
  <testcase classname="rinku.Assertion" name="display" time="0.002"/>
  <testcase classname="rinku.Assertion" name="display" time="0.001"/>
  <testcase classname="rinku.Assertion" name="display" time="0.002"/>
  <testcase classname="rinku.Assertion" name="display" time="0.012"/>
</testsuite> <!-- rinku.Assertion -->
