<?xml version="1.0" encoding="UTF-8"?>
<!-- Generated by org.testng.reporters.JUnitReportReporter -->
<testsuite hostname="SCandCo" failures="0" tests="4" name="rinku.FirstTestcase" time="0.015" errors="0" timestamp="2026-03-16T11:54:36 IST" skipped="0">
  <testcase classname="rinku.FirstTestcase" name="first" time="0.002"/>
  <testcase classname="rinku.FirstTestcase" name="Third" time="0.001"/>
  <testcase classname="rinku.FirstTestcase" name="Fouth" time="0.011"/>
  <testcase classname="rinku.FirstTestcase" name="Second" time="0.001"/>
</testsuite> <!-- rinku.FirstTestcase -->
