<?xml version="1.0" encoding="UTF-8"?>
<!-- Generated by org.testng.reporters.JUnitReportReporter -->
<testsuite hostname="SCandCo" failures="0" tests="4" name="rinku.ThirdTestCase" time="0.005" errors="0" timestamp="2026-03-16T11:54:36 IST" skipped="0">
  <testcase classname="rinku.ThirdTestCase" name="mouse" time="0.002"/>
  <testcase classname="rinku.ThirdTestCase" name="cat" time="0.001"/>
  <testcase classname="rinku.ThirdTestCase" name="dog" time="0.001"/>
  <testcase classname="rinku.ThirdTestCase" name="elephant" time="0.001"/>
</testsuite> <!-- rinku.ThirdTestCase -->
