<?xml version="1.0" encoding="UTF-8"?>
<!-- Generated by org.testng.reporters.JUnitReportReporter -->
<testsuite hostname="SCandCo" failures="0" tests="6" name="rinku.InputParameter" time="0.042" errors="0" timestamp="2026-03-16T11:50:09 IST" skipped="0">
  <testcase classname="rinku.InputParameter" name="outsideData" time="0.009"/>
  <testcase classname="rinku.InputParameter" name="show" time="0.007"/>
  <testcase classname="rinku.InputParameter" name="display" time="0.014"/>
  <testcase classname="rinku.InputParameter" name="outsideData" time="0.007"/>
  <testcase classname="rinku.InputParameter" name="outsideData" time="0.002"/>
  <testcase classname="rinku.InputParameter" name="outsideData" time="0.003"/>
</testsuite> <!-- rinku.InputParameter -->
