<?xml version="1.0" encoding="UTF-8"?>
<!-- Generated by org.testng.reporters.JUnitReportReporter -->
<testsuite hostname="SCandCo" failures="0" tests="4" name="rinku.SecondTestcase" time="0.005" errors="0" timestamp="2026-03-16T11:54:36 IST" skipped="0">
  <testcase classname="rinku.SecondTestcase" name="seen" time="0.002"/>
  <testcase classname="rinku.SecondTestcase" name="display" time="0.001"/>
  <testcase classname="rinku.SecondTestcase" name="view" time="0.001"/>
  <testcase classname="rinku.SecondTestcase" name="show" time="0.001"/>
</testsuite> <!-- rinku.SecondTestcase -->
