<?xml version="1.0" encoding="UTF-8"?>
<!-- Generated by org.testng.reporters.JUnitReportReporter -->
<testsuite hostname="SCandCo" failures="0" tests="3" name="testngproject.TestngJenkin10amdemo.SecondTestcase" time="0.007" errors="0" timestamp="2026-03-11T11:41:26 IST" skipped="0">
  <testcase classname="testngproject.TestngJenkin10amdemo.SecondTestcase" name="view" time="0.002"/>
  <testcase classname="testngproject.TestngJenkin10amdemo.SecondTestcase" name="display" time="0.003"/>
  <testcase classname="testngproject.TestngJenkin10amdemo.SecondTestcase" name="show" time="0.002"/>
</testsuite> <!-- testngproject.TestngJenkin10amdemo.SecondTestcase -->
