<?xml version="1.0" encoding="UTF-8"?>
<!-- Generated by org.testng.reporters.JUnitXMLReporter -->
<testsuite ignored="0" hostname="SCandCo" failures="0" tests="6" name="Test" time="0.131" errors="0" timestamp="2026-03-16T11:50:09 IST">
  <testcase classname="rinku.InputParameter" name="display" time="0.014"/>
  <testcase classname="rinku.InputParameter" name="outsideData" time="0.007"/>
  <testcase classname="rinku.InputParameter" name="outsideData" time="0.003"/>
  <testcase classname="rinku.InputParameter" name="outsideData" time="0.009"/>
  <testcase classname="rinku.InputParameter" name="outsideData" time="0.002"/>
  <testcase classname="rinku.InputParameter" name="show" time="0.007"/>
</testsuite> <!-- Test -->
