<?xml version="1.0" encoding="UTF-8"?>
<!-- Generated by org.testng.reporters.JUnitXMLReporter -->
<testsuite ignored="9" hostname="SCandCo" failures="0" tests="3" name="Mytest2" time="0.025" errors="0" timestamp="2026-03-12T11:33:37 IST">
  <testcase classname="rinku.FirstTestcase" name="Second" time="0.001"/>
  <testcase classname="rinku.SecondTestcase" name="show" time="0.002"/>
  <testcase classname="rinku.ThirdTestCase" name="dog" time="0.003"/>
  <testcase classname="rinku.FirstTestcase" name="Third" time="0.0">
    <ignored/>
  </testcase> <!-- Third -->
  <testcase classname="rinku.ThirdTestCase" name="mouse" time="0.0">
    <ignored/>
  </testcase> <!-- mouse -->
  <testcase classname="rinku.FirstTestcase" name="first" time="0.0">
    <ignored/>
  </testcase> <!-- first -->
  <testcase classname="rinku.ThirdTestCase" name="cat" time="0.0">
    <ignored/>
  </testcase> <!-- cat -->
  <testcase classname="rinku.FirstTestcase" name="Fouth" time="0.0">
    <ignored/>
  </testcase> <!-- Fouth -->
  <testcase classname="rinku.SecondTestcase" name="view" time="0.0">
    <ignored/>
  </testcase> <!-- view -->
  <testcase classname="rinku.ThirdTestCase" name="elephant" time="0.0">
    <ignored/>
  </testcase> <!-- elephant -->
  <testcase classname="rinku.SecondTestcase" name="display" time="0.0">
    <ignored/>
  </testcase> <!-- display -->
  <testcase classname="rinku.SecondTestcase" name="seen" time="0.0">
    <ignored/>
  </testcase> <!-- seen -->
</testsuite> <!-- Mytest2 -->
