<?xml version="1.0" encoding="UTF-8"?>
<!-- Generated by org.testng.reporters.JUnitXMLReporter -->
<testsuite ignored="2" hostname="SCandCo" failures="0" tests="7" name="MyTestCase" time="0.13" errors="0" timestamp="2026-03-11T11:41:26 IST">
  <testcase classname="testngproject.TestngJenkin10amdemo.FirstTestcase" name="first" time="0.014"/>
  <testcase classname="testngproject.TestngJenkin10amdemo.SecondTestcase" name="display" time="0.003"/>
  <testcase classname="testngproject.TestngJenkin10amdemo.SecondTestcase" name="show" time="0.002"/>
  <testcase classname="testngproject.TestngJenkin10amdemo.SecondTestcase" name="view" time="0.002"/>
  <testcase classname="testngproject.TestngJenkin10amdemo.regexexp" name="test1" time="0.002"/>
  <testcase classname="testngproject.TestngJenkin10amdemo.regexexp" name="test2" time="0.002"/>
  <testcase classname="testngproject.TestngJenkin10amdemo.regexexp" name="test3" time="0.002"/>
  <testcase classname="testngproject.TestngJenkin10amdemo.FirstTestcase" name="Third" time="0.0">
    <ignored/>
  </testcase> <!-- Third -->
  <testcase classname="testngproject.TestngJenkin10amdemo.FirstTestcase" name="Second" time="0.0">
    <ignored/>
  </testcase> <!-- Second -->
</testsuite> <!-- MyTestCase -->
