<?xml version="1.0" encoding="UTF-8"?>
<!-- Generated by org.testng.reporters.JUnitXMLReporter -->
<testsuite ignored="0" hostname="SCandCo" failures="1" tests="4" name="MyTest" time="0.226" errors="0" timestamp="2026-03-17T11:40:13 IST">
  <testcase classname="rinku.listnereg.Testcaseclass" name="test1" time="0.042"/>
  <testcase classname="rinku.listnereg.Testcaseclass" name="test2" time="0.023">
    <failure type="java.lang.AssertionError" message="expected [true] but found [false]">
      <![CDATA[java.lang.AssertionError: expected [true] but found [false]
at rinku.listnereg.Testcaseclass.test2(Testcaseclass.java:25)
at java.base/java.util.ArrayList.forEach(ArrayList.java:1596)
... Removed 29 stack frames]]>
    </failure>
  </testcase> <!-- test2 -->
  <testcase classname="rinku.listnereg.Testcaseclass" name="test3" time="0.006">
    <skipped/>
  </testcase> <!-- test3 -->
  <testcase classname="rinku.listnereg.Testcaseclass2" name="test4" time="0.003"/>
</testsuite> <!-- MyTest -->
